{"contracts/base/ERC721PresetMinterPauserAutoId.sol":{"l":{"52":57,"54":57,"55":57,"57":57,"72":0,"79":0,"80":0,"93":0,"97":0,"110":0,"114":0,"122":345},"path":"/Users/viktortodorov/Desktop/Polymorphrepos/Polymorph-Contracts/contracts/base/ERC721PresetMinterPauserAutoId.sol","s":{"1":57,"2":57,"3":57,"4":57,"5":0,"6":0,"7":0,"8":0,"9":0,"10":0,"11":0,"12":345},"b":{"1":[0,0],"2":[0,0],"3":[0,0]},"f":{"1":57,"2":0,"3":0,"4":0,"5":345},"fnMap":{"1":{"name":"constructor","line":51,"loc":{"start":{"line":47,"column":4},"end":{"line":58,"column":4}}},"2":{"name":"mint","line":71,"loc":{"start":{"line":71,"column":4},"end":{"line":81,"column":4}}},"3":{"name":"pause","line":92,"loc":{"start":{"line":92,"column":4},"end":{"line":98,"column":4}}},"4":{"name":"unpause","line":109,"loc":{"start":{"line":109,"column":4},"end":{"line":115,"column":4}}},"5":{"name":"_beforeTokenTransfer","line":117,"loc":{"start":{"line":117,"column":4},"end":{"line":123,"column":4}}}},"statementMap":{"1":{"start":{"line":52,"column":8},"end":{"line":52,"column":51}},"2":{"start":{"line":54,"column":8},"end":{"line":54,"column":44}},"3":{"start":{"line":55,"column":8},"end":{"line":55,"column":44}},"4":{"start":{"line":57,"column":8},"end":{"line":57,"column":27}},"5":{"start":{"line":72,"column":8},"end":{"line":72,"column":2386}},"6":{"start":{"line":79,"column":8},"end":{"line":79,"column":43}},"7":{"start":{"line":80,"column":8},"end":{"line":80,"column":34}},"8":{"start":{"line":93,"column":8},"end":{"line":93,"column":3015}},"9":{"start":{"line":97,"column":8},"end":{"line":97,"column":15}},"10":{"start":{"line":110,"column":8},"end":{"line":110,"column":3435}},"11":{"start":{"line":114,"column":8},"end":{"line":114,"column":17}},"12":{"start":{"line":122,"column":8},"end":{"line":122,"column":52}}},"branchMap":{"1":{"line":72,"type":"if","locations":[{"start":{"line":72,"column":8},"end":{"line":72,"column":8}},{"start":{"line":72,"column":8},"end":{"line":72,"column":8}}]},"2":{"line":93,"type":"if","locations":[{"start":{"line":93,"column":8},"end":{"line":93,"column":8}},{"start":{"line":93,"column":8},"end":{"line":93,"column":8}}]},"3":{"line":110,"type":"if","locations":[{"start":{"line":110,"column":8},"end":{"line":110,"column":8}},{"start":{"line":110,"column":8},"end":{"line":110,"column":8}}]}}},"contracts/base/IPolymorph.sol":{"l":{},"path":"/Users/viktortodorov/Desktop/Polymorphrepos/Polymorph-Contracts/contracts/base/IPolymorph.sol","s":{},"b":{},"f":{},"fnMap":{},"statementMap":{},"branchMap":{}},"contracts/base/IPolymorphsTunnel.sol":{"l":{},"path":"/Users/viktortodorov/Desktop/Polymorphrepos/Polymorph-Contracts/contracts/base/IPolymorphsTunnel.sol","s":{},"b":{},"f":{},"fnMap":{},"statementMap":{},"branchMap":{}},"contracts/base/IPolymorphWithGeneChanger.sol":{"l":{},"path":"/Users/viktortodorov/Desktop/Polymorphrepos/Polymorph-Contracts/contracts/base/IPolymorphWithGeneChanger.sol","s":{},"b":{},"f":{},"fnMap":{},"statementMap":{},"branchMap":{}},"contracts/base/Polymorph.sol":{"l":{"56":57,"66":28,"70":17,"78":345,"79":345,"94":1,"96":1,"105":1,"107":1},"path":"/Users/viktortodorov/Desktop/Polymorphrepos/Polymorph-Contracts/contracts/base/Polymorph.sol","s":{"1":57,"2":28,"3":17,"4":345,"5":345,"6":1,"7":1,"8":1,"9":1},"b":{},"f":{"1":57,"2":28,"3":17,"4":345,"5":1,"6":1},"fnMap":{"1":{"name":"constructor","line":54,"loc":{"start":{"line":46,"column":4},"end":{"line":57,"column":4}}},"2":{"name":"geneOf","line":59,"loc":{"start":{"line":59,"column":4},"end":{"line":67,"column":4}}},"3":{"name":"lastTokenId","line":69,"loc":{"start":{"line":69,"column":4},"end":{"line":71,"column":4}}},"4":{"name":"_beforeTokenTransfer","line":73,"loc":{"start":{"line":73,"column":4},"end":{"line":86,"column":4}}},"5":{"name":"setBaseURI","line":92,"loc":{"start":{"line":88,"column":4},"end":{"line":97,"column":4}}},"6":{"name":"setArweaveAssetsJSON","line":103,"loc":{"start":{"line":99,"column":4},"end":{"line":108,"column":4}}}},"statementMap":{"1":{"start":{"line":56,"column":8},"end":{"line":56,"column":45}},"2":{"start":{"line":66,"column":8},"end":{"line":66,"column":30}},"3":{"start":{"line":70,"column":8},"end":{"line":70,"column":40}},"4":{"start":{"line":78,"column":8},"end":{"line":78,"column":77}},"5":{"start":{"line":79,"column":8},"end":{"line":79,"column":2240}},"6":{"start":{"line":94,"column":8},"end":{"line":94,"column":28}},"7":{"start":{"line":96,"column":8},"end":{"line":96,"column":37}},"8":{"start":{"line":105,"column":8},"end":{"line":105,"column":45}},"9":{"start":{"line":107,"column":8},"end":{"line":107,"column":57}}},"branchMap":{}},"contracts/base/PolymorphTunnel.sol":{"l":{"20":9},"path":"/Users/viktortodorov/Desktop/Polymorphrepos/Polymorph-Contracts/contracts/base/PolymorphTunnel.sol","s":{"1":9},"b":{},"f":{"1":24,"2":9},"fnMap":{"1":{"name":"constructor","line":7,"loc":{"start":{"line":7,"column":4},"end":{"line":7,"column":73}}},"2":{"name":"_decodeMessage","line":9,"loc":{"start":{"line":9,"column":4},"end":{"line":21,"column":4}}}},"statementMap":{"1":{"start":{"line":20,"column":8},"end":{"line":20,"column":75}}},"branchMap":{}},"contracts/base/PolymorphWithGeneChanger.sol":{"l":{"37":57,"38":57,"47":1,"48":1,"57":1,"58":1,"68":11,"69":9,"70":6,"72":6,"73":6,"78":5,"79":5,"80":1,"83":1,"86":5,"87":5,"88":5,"89":4,"90":4,"91":4,"105":5,"106":4,"107":4,"108":4,"110":4,"113":4,"114":4,"115":4,"125":6,"127":4,"130":4,"135":3,"136":3,"137":2,"140":2,"143":3,"144":3,"145":3,"146":3,"147":3,"161":2,"171":23,"173":23,"182":7,"186":15,"190":13,"195":12,"199":12,"211":7,"212":7,"213":7,"214":7,"216":7},"path":"/Users/viktortodorov/Desktop/Polymorphrepos/Polymorph-Contracts/contracts/base/PolymorphWithGeneChanger.sol","s":{"1":57,"2":57,"3":1,"4":1,"5":1,"6":1,"7":11,"8":9,"9":6,"10":6,"11":6,"12":5,"13":5,"14":1,"15":1,"16":5,"17":5,"18":5,"19":4,"20":4,"21":5,"22":4,"23":4,"24":4,"25":4,"26":4,"27":4,"28":4,"29":6,"30":4,"31":4,"32":3,"33":3,"34":2,"35":2,"36":3,"37":3,"38":3,"39":3,"40":3,"41":2,"42":23,"43":23,"44":7,"45":15,"46":13,"47":12,"48":12,"49":7,"50":7,"51":7,"52":7,"53":7},"b":{"1":[9,2],"2":[5,1],"3":[1,4],"4":[1,0],"5":[4,1],"6":[4,0],"7":[3,1],"8":[2,1],"9":[2,0],"10":[13,2],"11":[12,1],"12":[10,2]},"f":{"1":57,"2":1,"3":1,"4":11,"5":5,"6":6,"7":2,"8":23,"9":7,"10":15,"11":12,"12":7},"fnMap":{"1":{"name":"constructor","line":36,"loc":{"start":{"line":28,"column":4},"end":{"line":39,"column":4}}},"2":{"name":"changeBaseGenomeChangePrice","line":45,"loc":{"start":{"line":41,"column":4},"end":{"line":49,"column":4}}},"3":{"name":"changeRandomizeGenomePrice","line":55,"loc":{"start":{"line":51,"column":4},"end":{"line":59,"column":4}}},"4":{"name":"morphGene","line":66,"loc":{"start":{"line":61,"column":4},"end":{"line":98,"column":4}}},"5":{"name":"replaceGene","line":100,"loc":{"start":{"line":100,"column":4},"end":{"line":116,"column":4}}},"6":{"name":"randomizeGenome","line":123,"loc":{"start":{"line":118,"column":4},"end":{"line":154,"column":4}}},"7":{"name":"whitelistBridgeAddress","line":159,"loc":{"start":{"line":156,"column":4},"end":{"line":162,"column":4}}},"8":{"name":"priceForGenomeChange","line":164,"loc":{"start":{"line":164,"column":4},"end":{"line":174,"column":4}}},"9":{"name":"genomeChanges","line":176,"loc":{"start":{"line":176,"column":4},"end":{"line":183,"column":4}}},"10":{"name":"_beforeGenomeChange","line":185,"loc":{"start":{"line":185,"column":4},"end":{"line":196,"column":4}}},"11":{"name":"beforeTransfer","line":198,"loc":{"start":{"line":198,"column":4},"end":{"line":203,"column":4}}},"12":{"name":"wormholeUpdateGene","line":210,"loc":{"start":{"line":205,"column":4},"end":{"line":223,"column":4}}}},"statementMap":{"1":{"start":{"line":37,"column":8},"end":{"line":37,"column":53}},"2":{"start":{"line":38,"column":8},"end":{"line":38,"column":51}},"3":{"start":{"line":47,"column":8},"end":{"line":47,"column":51}},"4":{"start":{"line":48,"column":8},"end":{"line":48,"column":63}},"5":{"start":{"line":57,"column":8},"end":{"line":57,"column":53}},"6":{"start":{"line":58,"column":8},"end":{"line":58,"column":65}},"7":{"start":{"line":68,"column":8},"end":{"line":68,"column":64}},"8":{"start":{"line":69,"column":8},"end":{"line":69,"column":35}},"9":{"start":{"line":70,"column":8},"end":{"line":70,"column":53}},"10":{"start":{"line":72,"column":8},"end":{"line":72,"column":72}},"11":{"start":{"line":73,"column":8},"end":{"line":73,"column":2297}},"12":{"start":{"line":78,"column":8},"end":{"line":78,"column":51}},"13":{"start":{"line":79,"column":8},"end":{"line":79,"column":2485}},"14":{"start":{"line":80,"column":12},"end":{"line":80,"column":2530}},"15":{"start":{"line":83,"column":12},"end":{"line":83,"column":66}},"16":{"start":{"line":86,"column":8},"end":{"line":86,"column":41}},"17":{"start":{"line":87,"column":8},"end":{"line":87,"column":55}},"18":{"start":{"line":88,"column":8},"end":{"line":88,"column":69}},"19":{"start":{"line":90,"column":8},"end":{"line":90,"column":34}},"20":{"start":{"line":91,"column":8},"end":{"line":91,"column":2958}},"21":{"start":{"line":105,"column":8},"end":{"line":105,"column":54}},"22":{"start":{"line":106,"column":8},"end":{"line":106,"column":23}},"23":{"start":{"line":107,"column":8},"end":{"line":107,"column":3375}},"24":{"start":{"line":108,"column":12},"end":{"line":108,"column":51}},"25":{"start":{"line":110,"column":8},"end":{"line":110,"column":3502}},"26":{"start":{"line":113,"column":8},"end":{"line":113,"column":63}},"27":{"start":{"line":114,"column":8},"end":{"line":114,"column":41}},"28":{"start":{"line":115,"column":8},"end":{"line":115,"column":22}},"29":{"start":{"line":125,"column":8},"end":{"line":125,"column":35}},"30":{"start":{"line":127,"column":8},"end":{"line":127,"column":3942}},"31":{"start":{"line":130,"column":8},"end":{"line":130,"column":4048}},"32":{"start":{"line":135,"column":8},"end":{"line":135,"column":66}},"33":{"start":{"line":136,"column":8},"end":{"line":136,"column":4251}},"34":{"start":{"line":137,"column":12},"end":{"line":137,"column":4296}},"35":{"start":{"line":140,"column":12},"end":{"line":140,"column":66}},"36":{"start":{"line":143,"column":8},"end":{"line":143,"column":41}},"37":{"start":{"line":144,"column":8},"end":{"line":144,"column":47}},"38":{"start":{"line":145,"column":8},"end":{"line":145,"column":34}},"39":{"start":{"line":146,"column":8},"end":{"line":146,"column":34}},"40":{"start":{"line":147,"column":8},"end":{"line":147,"column":4647}},"41":{"start":{"line":161,"column":8},"end":{"line":161,"column":55}},"42":{"start":{"line":171,"column":8},"end":{"line":171,"column":53}},"43":{"start":{"line":173,"column":8},"end":{"line":173,"column":58}},"44":{"start":{"line":182,"column":8},"end":{"line":182,"column":38}},"45":{"start":{"line":186,"column":8},"end":{"line":186,"column":5547}},"46":{"start":{"line":190,"column":8},"end":{"line":190,"column":5666}},"47":{"start":{"line":195,"column":8},"end":{"line":195,"column":44}},"48":{"start":{"line":199,"column":8},"end":{"line":199,"column":5915}},"49":{"start":{"line":211,"column":8},"end":{"line":211,"column":41}},"50":{"start":{"line":212,"column":8},"end":{"line":212,"column":29}},"51":{"start":{"line":213,"column":8},"end":{"line":213,"column":38}},"52":{"start":{"line":214,"column":8},"end":{"line":214,"column":51}},"53":{"start":{"line":216,"column":8},"end":{"line":216,"column":6426}}},"branchMap":{"1":{"line":68,"type":"if","locations":[{"start":{"line":68,"column":8},"end":{"line":68,"column":8}},{"start":{"line":68,"column":8},"end":{"line":68,"column":8}}]},"2":{"line":73,"type":"if","locations":[{"start":{"line":73,"column":8},"end":{"line":73,"column":8}},{"start":{"line":73,"column":8},"end":{"line":73,"column":8}}]},"3":{"line":79,"type":"if","locations":[{"start":{"line":79,"column":8},"end":{"line":79,"column":8}},{"start":{"line":79,"column":8},"end":{"line":79,"column":8}}]},"4":{"line":83,"type":"if","locations":[{"start":{"line":83,"column":12},"end":{"line":83,"column":12}},{"start":{"line":83,"column":12},"end":{"line":83,"column":12}}]},"5":{"line":105,"type":"if","locations":[{"start":{"line":105,"column":8},"end":{"line":105,"column":8}},{"start":{"line":105,"column":8},"end":{"line":105,"column":8}}]},"6":{"line":107,"type":"if","locations":[{"start":{"line":107,"column":8},"end":{"line":107,"column":8}},{"start":{"line":107,"column":8},"end":{"line":107,"column":8}}]},"7":{"line":130,"type":"if","locations":[{"start":{"line":130,"column":8},"end":{"line":130,"column":8}},{"start":{"line":130,"column":8},"end":{"line":130,"column":8}}]},"8":{"line":136,"type":"if","locations":[{"start":{"line":136,"column":8},"end":{"line":136,"column":8}},{"start":{"line":136,"column":8},"end":{"line":136,"column":8}}]},"9":{"line":140,"type":"if","locations":[{"start":{"line":140,"column":12},"end":{"line":140,"column":12}},{"start":{"line":140,"column":12},"end":{"line":140,"column":12}}]},"10":{"line":186,"type":"if","locations":[{"start":{"line":186,"column":8},"end":{"line":186,"column":8}},{"start":{"line":186,"column":8},"end":{"line":186,"column":8}}]},"11":{"line":190,"type":"if","locations":[{"start":{"line":190,"column":8},"end":{"line":190,"column":8}},{"start":{"line":190,"column":8},"end":{"line":190,"column":8}}]},"12":{"line":199,"type":"if","locations":[{"start":{"line":199,"column":8},"end":{"line":199,"column":8}},{"start":{"line":199,"column":8},"end":{"line":199,"column":8}}]}}},"contracts/lib/Merkle.sol":{"l":{"11":0,"12":0,"15":0,"17":0,"18":0,"19":0,"20":0,"24":0,"25":0,"29":0,"34":0,"36":0},"path":"/Users/viktortodorov/Desktop/Polymorphrepos/Polymorph-Contracts/contracts/lib/Merkle.sol","s":{"1":0,"2":0,"3":0,"4":0,"5":0,"6":0,"7":0,"8":0,"9":0,"10":0,"11":0},"b":{"1":[0,0],"2":[0,0],"3":[0,0]},"f":{"1":0},"fnMap":{"1":{"name":"checkMembership","line":5,"loc":{"start":{"line":5,"column":4},"end":{"line":37,"column":4}}}},"statementMap":{"1":{"start":{"line":11,"column":8},"end":{"line":11,"column":62}},"2":{"start":{"line":12,"column":8},"end":{"line":12,"column":47}},"3":{"start":{"line":15,"column":8},"end":{"line":15,"column":63}},"4":{"start":{"line":17,"column":8},"end":{"line":17,"column":28}},"5":{"start":{"line":18,"column":8},"end":{"line":18,"column":35}},"6":{"start":{"line":19,"column":8},"end":{"line":19,"column":630}},"7":{"start":{"line":24,"column":12},"end":{"line":24,"column":788}},"8":{"start":{"line":25,"column":16},"end":{"line":25,"column":830}},"9":{"start":{"line":29,"column":16},"end":{"line":29,"column":977}},"10":{"start":{"line":34,"column":12},"end":{"line":34,"column":28}},"11":{"start":{"line":36,"column":8},"end":{"line":36,"column":39}}},"branchMap":{"1":{"line":11,"type":"if","locations":[{"start":{"line":11,"column":8},"end":{"line":11,"column":8}},{"start":{"line":11,"column":8},"end":{"line":11,"column":8}}]},"2":{"line":15,"type":"if","locations":[{"start":{"line":15,"column":8},"end":{"line":15,"column":8}},{"start":{"line":15,"column":8},"end":{"line":15,"column":8}}]},"3":{"line":24,"type":"if","locations":[{"start":{"line":24,"column":12},"end":{"line":24,"column":12}},{"start":{"line":24,"column":12},"end":{"line":24,"column":12}}]}}},"contracts/lib/MerklePatriciaProof.sol":{"l":{"21":0,"22":0,"24":0,"25":0,"27":0,"28":0,"30":0,"31":0,"32":0,"35":0,"36":0,"37":0,"40":0,"41":0,"42":0,"44":0,"46":0,"47":0,"48":0,"52":0,"54":0,"58":0,"59":0,"60":0,"62":0,"65":0,"67":0,"72":0,"74":0,"78":0,"80":0,"85":0,"86":0,"89":0,"90":0,"92":0,"102":0,"105":0,"106":0,"110":0,"111":0,"112":0,"115":0,"116":0,"118":0,"120":0,"129":0,"130":0,"131":0,"132":0,"133":0,"134":0,"135":0,"136":0,"137":0,"139":0,"140":0,"143":0,"144":0,"147":0,"155":0},"path":"/Users/viktortodorov/Desktop/Polymorphrepos/Polymorph-Contracts/contracts/lib/MerklePatriciaProof.sol","s":{"1":0,"2":0,"3":0,"4":0,"5":0,"6":0,"7":0,"8":0,"9":0,"10":0,"11":0,"12":0,"13":0,"14":0,"15":0,"16":0,"17":0,"18":0,"19":0,"20":0,"21":0,"22":0,"23":0,"24":0,"25":0,"26":0,"27":0,"28":0,"29":0,"30":0,"31":0,"32":0,"33":0,"34":0,"35":0,"36":0,"37":0,"38":0,"39":0,"40":0,"41":0,"42":0,"43":0,"44":0,"45":0,"46":0,"47":0,"48":0,"49":0,"50":0,"51":0,"52":0,"53":0,"54":0,"55":0,"56":0,"57":0,"58":0,"59":0,"60":0,"61":0,"62":0},"b":{"1":[0,0],"2":[0,0],"3":[0,0],"4":[0,0],"5":[0,0],"6":[0,0],"7":[0,0],"8":[0,0],"9":[0,0],"10":[0,0],"11":[0,0],"12":[0,0],"13":[0,0],"14":[0,0]},"f":{"1":0,"2":0,"3":0,"4":0},"fnMap":{"1":{"name":"verify","line":15,"loc":{"start":{"line":15,"column":4},"end":{"line":95,"column":4}}},"2":{"name":"_nibblesToTraverse","line":97,"loc":{"start":{"line":97,"column":4},"end":{"line":121,"column":4}}},"3":{"name":"_getNibbleArray","line":124,"loc":{"start":{"line":124,"column":4},"end":{"line":148,"column":4}}},"4":{"name":"_getNthNibbleOfBytes","line":150,"loc":{"start":{"line":150,"column":4},"end":{"line":159,"column":4}}}},"statementMap":{"1":{"start":{"line":21,"column":8},"end":{"line":21,"column":75}},"2":{"start":{"line":22,"column":8},"end":{"line":22,"column":71}},"3":{"start":{"line":24,"column":8},"end":{"line":24,"column":32}},"4":{"start":{"line":25,"column":8},"end":{"line":25,"column":50}},"5":{"start":{"line":27,"column":8},"end":{"line":27,"column":30}},"6":{"start":{"line":28,"column":8},"end":{"line":28,"column":27}},"7":{"start":{"line":30,"column":8},"end":{"line":30,"column":56}},"8":{"start":{"line":31,"column":8},"end":{"line":31,"column":1022}},"9":{"start":{"line":32,"column":12},"end":{"line":32,"column":24}},"10":{"start":{"line":35,"column":8},"end":{"line":35,"column":1091}},"11":{"start":{"line":36,"column":12},"end":{"line":36,"column":1158}},"12":{"start":{"line":37,"column":16},"end":{"line":37,"column":28}},"13":{"start":{"line":40,"column":12},"end":{"line":40,"column":61}},"14":{"start":{"line":41,"column":12},"end":{"line":41,"column":1308}},"15":{"start":{"line":42,"column":16},"end":{"line":42,"column":28}},"16":{"start":{"line":44,"column":12},"end":{"line":44,"column":61}},"17":{"start":{"line":46,"column":12},"end":{"line":46,"column":1470}},"18":{"start":{"line":47,"column":16},"end":{"line":47,"column":1526}},"19":{"start":{"line":48,"column":20},"end":{"line":48,"column":1580}},"20":{"start":{"line":52,"column":24},"end":{"line":52,"column":35}},"21":{"start":{"line":54,"column":24},"end":{"line":54,"column":36}},"22":{"start":{"line":58,"column":16},"end":{"line":58,"column":59}},"23":{"start":{"line":59,"column":16},"end":{"line":59,"column":1945}},"24":{"start":{"line":60,"column":20},"end":{"line":60,"column":32}},"25":{"start":{"line":62,"column":16},"end":{"line":62,"column":2040}},"26":{"start":{"line":65,"column":16},"end":{"line":65,"column":27}},"27":{"start":{"line":66,"column":19},"end":{"line":66,"column":2199}},"28":{"start":{"line":67,"column":16},"end":{"line":67,"column":2255}},"29":{"start":{"line":72,"column":16},"end":{"line":72,"column":2442}},"30":{"start":{"line":74,"column":20},"end":{"line":74,"column":2540}},"31":{"start":{"line":78,"column":24},"end":{"line":78,"column":35}},"32":{"start":{"line":80,"column":24},"end":{"line":80,"column":36}},"33":{"start":{"line":85,"column":16},"end":{"line":85,"column":2876}},"34":{"start":{"line":86,"column":20},"end":{"line":86,"column":32}},"35":{"start":{"line":89,"column":16},"end":{"line":89,"column":35}},"36":{"start":{"line":90,"column":16},"end":{"line":90,"column":76}},"37":{"start":{"line":92,"column":16},"end":{"line":92,"column":28}},"38":{"start":{"line":102,"column":8},"end":{"line":102,"column":23}},"39":{"start":{"line":105,"column":8},"end":{"line":105,"column":70}},"40":{"start":{"line":106,"column":8},"end":{"line":106,"column":63}},"41":{"start":{"line":110,"column":8},"end":{"line":110,"column":3757}},"42":{"start":{"line":111,"column":12},"end":{"line":111,"column":39}},"43":{"start":{"line":112,"column":12},"end":{"line":112,"column":47}},"44":{"start":{"line":115,"column":8},"end":{"line":115,"column":3934}},"45":{"start":{"line":116,"column":12},"end":{"line":116,"column":35}},"46":{"start":{"line":118,"column":12},"end":{"line":118,"column":18}},"47":{"start":{"line":120,"column":8},"end":{"line":120,"column":18}},"48":{"start":{"line":129,"column":8},"end":{"line":129,"column":33}},"49":{"start":{"line":130,"column":8},"end":{"line":130,"column":4291}},"50":{"start":{"line":131,"column":12},"end":{"line":131,"column":24}},"51":{"start":{"line":132,"column":12},"end":{"line":132,"column":62}},"52":{"start":{"line":133,"column":12},"end":{"line":133,"column":4417}},"53":{"start":{"line":134,"column":16},"end":{"line":134,"column":52}},"54":{"start":{"line":135,"column":16},"end":{"line":135,"column":61}},"55":{"start":{"line":136,"column":16},"end":{"line":136,"column":37}},"56":{"start":{"line":137,"column":16},"end":{"line":137,"column":25}},"57":{"start":{"line":139,"column":16},"end":{"line":139,"column":52}},"58":{"start":{"line":140,"column":16},"end":{"line":140,"column":25}},"59":{"start":{"line":143,"column":12},"end":{"line":143,"column":4772}},"60":{"start":{"line":144,"column":16},"end":{"line":144,"column":67}},"61":{"start":{"line":147,"column":8},"end":{"line":147,"column":22}},"62":{"start":{"line":155,"column":8},"end":{"line":155,"column":5081}}},"branchMap":{"1":{"line":31,"type":"if","locations":[{"start":{"line":31,"column":8},"end":{"line":31,"column":8}},{"start":{"line":31,"column":8},"end":{"line":31,"column":8}}]},"2":{"line":36,"type":"if","locations":[{"start":{"line":36,"column":12},"end":{"line":36,"column":12}},{"start":{"line":36,"column":12},"end":{"line":36,"column":12}}]},"3":{"line":41,"type":"if","locations":[{"start":{"line":41,"column":12},"end":{"line":41,"column":12}},{"start":{"line":41,"column":12},"end":{"line":41,"column":12}}]},"4":{"line":46,"type":"if","locations":[{"start":{"line":46,"column":12},"end":{"line":46,"column":12}},{"start":{"line":46,"column":12},"end":{"line":46,"column":12}}]},"5":{"line":47,"type":"if","locations":[{"start":{"line":47,"column":16},"end":{"line":47,"column":16}},{"start":{"line":47,"column":16},"end":{"line":47,"column":16}}]},"6":{"line":48,"type":"if","locations":[{"start":{"line":48,"column":20},"end":{"line":48,"column":20}},{"start":{"line":48,"column":20},"end":{"line":48,"column":20}}]},"7":{"line":59,"type":"if","locations":[{"start":{"line":59,"column":16},"end":{"line":59,"column":16}},{"start":{"line":59,"column":16},"end":{"line":59,"column":16}}]},"8":{"line":66,"type":"if","locations":[{"start":{"line":66,"column":19},"end":{"line":66,"column":19}},{"start":{"line":66,"column":19},"end":{"line":66,"column":19}}]},"9":{"line":72,"type":"if","locations":[{"start":{"line":72,"column":16},"end":{"line":72,"column":16}},{"start":{"line":72,"column":16},"end":{"line":72,"column":16}}]},"10":{"line":74,"type":"if","locations":[{"start":{"line":74,"column":20},"end":{"line":74,"column":20}},{"start":{"line":74,"column":20},"end":{"line":74,"column":20}}]},"11":{"line":85,"type":"if","locations":[{"start":{"line":85,"column":16},"end":{"line":85,"column":16}},{"start":{"line":85,"column":16},"end":{"line":85,"column":16}}]},"12":{"line":115,"type":"if","locations":[{"start":{"line":115,"column":8},"end":{"line":115,"column":8}},{"start":{"line":115,"column":8},"end":{"line":115,"column":8}}]},"13":{"line":130,"type":"if","locations":[{"start":{"line":130,"column":8},"end":{"line":130,"column":8}},{"start":{"line":130,"column":8},"end":{"line":130,"column":8}}]},"14":{"line":133,"type":"if","locations":[{"start":{"line":133,"column":12},"end":{"line":133,"column":12}},{"start":{"line":133,"column":12},"end":{"line":133,"column":12}}]}}},"contracts/lib/PolymorphGeneGenerator.sol":{"l":{"11":386,"12":386},"path":"/Users/viktortodorov/Desktop/Polymorphrepos/Polymorph-Contracts/contracts/lib/PolymorphGeneGenerator.sol","s":{"1":386,"2":386},"b":{},"f":{"1":386},"fnMap":{"1":{"name":"random","line":10,"loc":{"start":{"line":10,"column":4},"end":{"line":13,"column":4}}}},"statementMap":{"1":{"start":{"line":11,"column":2},"end":{"line":11,"column":208}},"2":{"start":{"line":12,"column":2},"end":{"line":12,"column":21}}},"branchMap":{}},"contracts/lib/RLPReader.sol":{"l":{"30":0,"32":0,"33":0,"34":0,"36":0,"45":0,"46":0,"57":0,"58":0,"62":0,"75":0,"77":0,"78":0,"85":0,"92":0,"103":0,"105":0,"106":0,"108":0,"109":0,"110":0,"111":0,"112":0,"113":0,"116":0,"121":0,"123":0,"124":0,"125":0,"129":0,"130":0,"142":0,"143":0,"144":0,"145":0,"148":0,"156":0,"157":0,"158":0,"159":0,"171":0,"172":0,"173":0,"176":0,"187":0,"188":0,"190":0,"191":0,"195":0,"196":0,"201":0,"202":0,"203":0,"204":0,"208":0,"213":0,"215":0,"219":0,"221":0,"222":0,"224":0,"225":0,"226":0,"235":0,"241":0,"243":0,"244":0,"245":0,"249":0,"253":0,"255":0,"256":0,"257":0,"259":0,"260":0,"264":0,"265":0,"274":0,"276":0,"277":0,"278":0,"279":0,"280":0,"281":0,"284":0,"289":0,"290":0,"291":0,"295":0,"297":0,"299":0,"307":0,"309":0,"318":0,"323":0,"324":0,"328":0,"335":0,"349":0,"352":0,"353":0,"357":0,"358":0,"362":0,"363":0},"path":"/Users/viktortodorov/Desktop/Polymorphrepos/Polymorph-Contracts/contracts/lib/RLPReader.sol","s":{"1":0,"2":0,"3":0,"4":0,"5":0,"6":0,"7":0,"8":0,"9":0,"10":0,"11":0,"12":0,"13":0,"14":0,"15":0,"16":0,"17":0,"18":0,"19":0,"20":0,"21":0,"22":0,"23":0,"24":0,"25":0,"26":0,"27":0,"28":0,"29":0,"30":0,"31":0,"32":0,"33":0,"34":0,"35":0,"36":0,"37":0,"38":0,"39":0,"40":0,"41":0,"42":0,"43":0,"44":0,"45":0,"46":0,"47":0,"48":0,"49":0,"50":0,"51":0,"52":0,"53":0,"54":0,"55":0,"56":0,"57":0,"58":0,"59":0,"60":0,"61":0,"62":0,"63":0,"64":0,"65":0,"66":0,"67":0,"68":0,"69":0,"70":0,"71":0,"72":0,"73":0,"74":0,"75":0,"76":0,"77":0,"78":0,"79":0,"80":0,"81":0,"82":0,"83":0,"84":0,"85":0,"86":0,"87":0,"88":0,"89":0,"90":0,"91":0,"92":0,"93":0,"94":0,"95":0,"96":0,"97":0,"98":0,"99":0,"100":0,"101":0,"102":0,"103":0},"b":{"1":[0,0],"2":[0,0],"3":[0,0],"4":[0,0],"5":[0,0],"6":[0,0],"7":[0,0],"8":[0,0],"9":[0,0],"10":[0,0],"11":[0,0],"12":[0,0],"13":[0,0],"14":[0,0],"15":[0,0],"16":[0,0],"17":[0,0],"18":[0,0],"19":[0,0],"20":[0,0]},"f":{"1":0,"2":0,"3":0,"4":0,"5":0,"6":0,"7":0,"8":0,"9":0,"10":0,"11":0,"12":0,"13":0,"14":0,"15":0,"16":0,"17":0,"18":0,"19":0,"20":0,"21":0},"fnMap":{"1":{"name":"next","line":29,"loc":{"start":{"line":29,"column":4},"end":{"line":37,"column":4}}},"2":{"name":"hasNext","line":44,"loc":{"start":{"line":44,"column":4},"end":{"line":47,"column":4}}},"3":{"name":"toRlpItem","line":52,"loc":{"start":{"line":52,"column":4},"end":{"line":63,"column":4}}},"4":{"name":"iterator","line":70,"loc":{"start":{"line":70,"column":4},"end":{"line":79,"column":4}}},"5":{"name":"rlpLen","line":84,"loc":{"start":{"line":84,"column":4},"end":{"line":86,"column":4}}},"6":{"name":"payloadLen","line":91,"loc":{"start":{"line":91,"column":4},"end":{"line":93,"column":4}}},"7":{"name":"toList","line":98,"loc":{"start":{"line":98,"column":4},"end":{"line":117,"column":4}}},"8":{"name":"isList","line":120,"loc":{"start":{"line":120,"column":4},"end":{"line":131,"column":4}}},"9":{"name":"rlpBytesKeccak256","line":137,"loc":{"start":{"line":137,"column":4},"end":{"line":149,"column":4}}},"10":{"name":"payloadLocation","line":151,"loc":{"start":{"line":151,"column":4},"end":{"line":160,"column":4}}},"11":{"name":"payloadKeccak256","line":166,"loc":{"start":{"line":166,"column":4},"end":{"line":177,"column":4}}},"12":{"name":"toRlpBytes","line":182,"loc":{"start":{"line":182,"column":4},"end":{"line":197,"column":4}}},"13":{"name":"toBoolean","line":200,"loc":{"start":{"line":200,"column":4},"end":{"line":209,"column":4}}},"14":{"name":"toAddress","line":211,"loc":{"start":{"line":211,"column":4},"end":{"line":216,"column":4}}},"15":{"name":"toUint","line":218,"loc":{"start":{"line":218,"column":4},"end":{"line":236,"column":4}}},"16":{"name":"toUintStrict","line":239,"loc":{"start":{"line":239,"column":4},"end":{"line":250,"column":4}}},"17":{"name":"toBytes","line":252,"loc":{"start":{"line":252,"column":4},"end":{"line":266,"column":4}}},"18":{"name":"numItems","line":273,"loc":{"start":{"line":273,"column":4},"end":{"line":285,"column":4}}},"19":{"name":"_itemLength","line":288,"loc":{"start":{"line":288,"column":4},"end":{"line":319,"column":4}}},"20":{"name":"_payloadOffset","line":322,"loc":{"start":{"line":322,"column":4},"end":{"line":337,"column":4}}},"21":{"name":"copy","line":344,"loc":{"start":{"line":344,"column":4},"end":{"line":368,"column":4}}}},"statementMap":{"1":{"start":{"line":30,"column":8},"end":{"line":30,"column":29}},"2":{"start":{"line":32,"column":8},"end":{"line":32,"column":34}},"3":{"start":{"line":33,"column":8},"end":{"line":33,"column":45}},"4":{"start":{"line":34,"column":8},"end":{"line":34,"column":38}},"5":{"start":{"line":36,"column":8},"end":{"line":36,"column":39}},"6":{"start":{"line":45,"column":8},"end":{"line":45,"column":39}},"7":{"start":{"line":46,"column":8},"end":{"line":46,"column":52}},"8":{"start":{"line":57,"column":8},"end":{"line":57,"column":22}},"9":{"start":{"line":62,"column":8},"end":{"line":62,"column":43}},"10":{"start":{"line":75,"column":8},"end":{"line":75,"column":28}},"11":{"start":{"line":77,"column":8},"end":{"line":77,"column":63}},"12":{"start":{"line":78,"column":8},"end":{"line":78,"column":34}},"13":{"start":{"line":85,"column":8},"end":{"line":85,"column":23}},"14":{"start":{"line":92,"column":8},"end":{"line":92,"column":53}},"15":{"start":{"line":103,"column":8},"end":{"line":103,"column":28}},"16":{"start":{"line":105,"column":8},"end":{"line":105,"column":38}},"17":{"start":{"line":106,"column":8},"end":{"line":106,"column":54}},"18":{"start":{"line":108,"column":8},"end":{"line":108,"column":66}},"19":{"start":{"line":109,"column":8},"end":{"line":109,"column":23}},"20":{"start":{"line":110,"column":8},"end":{"line":110,"column":2886}},"21":{"start":{"line":111,"column":12},"end":{"line":111,"column":40}},"22":{"start":{"line":112,"column":12},"end":{"line":112,"column":47}},"23":{"start":{"line":113,"column":12},"end":{"line":113,"column":36}},"24":{"start":{"line":116,"column":8},"end":{"line":116,"column":21}},"25":{"start":{"line":121,"column":8},"end":{"line":121,"column":39}},"26":{"start":{"line":121,"column":27},"end":{"line":121,"column":39}},"27":{"start":{"line":123,"column":8},"end":{"line":123,"column":19}},"28":{"start":{"line":124,"column":8},"end":{"line":124,"column":36}},"29":{"start":{"line":129,"column":8},"end":{"line":129,"column":50}},"30":{"start":{"line":129,"column":38},"end":{"line":129,"column":50}},"31":{"start":{"line":130,"column":8},"end":{"line":130,"column":19}},"32":{"start":{"line":142,"column":8},"end":{"line":142,"column":33}},"33":{"start":{"line":143,"column":8},"end":{"line":143,"column":30}},"34":{"start":{"line":144,"column":8},"end":{"line":144,"column":22}},"35":{"start":{"line":148,"column":8},"end":{"line":148,"column":21}},"36":{"start":{"line":156,"column":8},"end":{"line":156,"column":52}},"37":{"start":{"line":157,"column":8},"end":{"line":157,"column":45}},"38":{"start":{"line":158,"column":8},"end":{"line":158,"column":39}},"39":{"start":{"line":159,"column":8},"end":{"line":159,"column":28}},"40":{"start":{"line":171,"column":8},"end":{"line":171,"column":61}},"41":{"start":{"line":172,"column":8},"end":{"line":172,"column":22}},"42":{"start":{"line":176,"column":8},"end":{"line":176,"column":21}},"43":{"start":{"line":187,"column":8},"end":{"line":187,"column":49}},"44":{"start":{"line":188,"column":8},"end":{"line":188,"column":45}},"45":{"start":{"line":188,"column":32},"end":{"line":188,"column":45}},"46":{"start":{"line":190,"column":8},"end":{"line":190,"column":19}},"47":{"start":{"line":195,"column":8},"end":{"line":195,"column":39}},"48":{"start":{"line":196,"column":8},"end":{"line":196,"column":21}},"49":{"start":{"line":201,"column":8},"end":{"line":201,"column":29}},"50":{"start":{"line":202,"column":8},"end":{"line":202,"column":22}},"51":{"start":{"line":203,"column":8},"end":{"line":203,"column":36}},"52":{"start":{"line":208,"column":8},"end":{"line":208,"column":41}},"53":{"start":{"line":213,"column":8},"end":{"line":213,"column":30}},"54":{"start":{"line":215,"column":8},"end":{"line":215,"column":45}},"55":{"start":{"line":219,"column":8},"end":{"line":219,"column":46}},"56":{"start":{"line":221,"column":8},"end":{"line":221,"column":52}},"57":{"start":{"line":222,"column":8},"end":{"line":222,"column":39}},"58":{"start":{"line":224,"column":8},"end":{"line":224,"column":22}},"59":{"start":{"line":225,"column":8},"end":{"line":225,"column":45}},"60":{"start":{"line":235,"column":8},"end":{"line":235,"column":21}},"61":{"start":{"line":241,"column":8},"end":{"line":241,"column":30}},"62":{"start":{"line":243,"column":8},"end":{"line":243,"column":22}},"63":{"start":{"line":244,"column":8},"end":{"line":244,"column":40}},"64":{"start":{"line":249,"column":8},"end":{"line":249,"column":21}},"65":{"start":{"line":253,"column":8},"end":{"line":253,"column":28}},"66":{"start":{"line":255,"column":8},"end":{"line":255,"column":52}},"67":{"start":{"line":256,"column":8},"end":{"line":256,"column":39}},"68":{"start":{"line":257,"column":8},"end":{"line":257,"column":44}},"69":{"start":{"line":259,"column":8},"end":{"line":259,"column":23}},"70":{"start":{"line":264,"column":8},"end":{"line":264,"column":47}},"71":{"start":{"line":265,"column":8},"end":{"line":265,"column":21}},"72":{"start":{"line":274,"column":8},"end":{"line":274,"column":35}},"73":{"start":{"line":274,"column":27},"end":{"line":274,"column":35}},"74":{"start":{"line":276,"column":8},"end":{"line":276,"column":25}},"75":{"start":{"line":277,"column":8},"end":{"line":277,"column":67}},"76":{"start":{"line":278,"column":8},"end":{"line":278,"column":47}},"77":{"start":{"line":279,"column":8},"end":{"line":279,"column":7463}},"78":{"start":{"line":280,"column":12},"end":{"line":280,"column":51}},"79":{"start":{"line":284,"column":8},"end":{"line":284,"column":20}},"80":{"start":{"line":289,"column":8},"end":{"line":289,"column":23}},"81":{"start":{"line":290,"column":8},"end":{"line":290,"column":21}},"82":{"start":{"line":295,"column":8},"end":{"line":295,"column":7873}},"83":{"start":{"line":295,"column":40},"end":{"line":295,"column":50}},"84":{"start":{"line":296,"column":13},"end":{"line":296,"column":7931}},"85":{"start":{"line":297,"column":12},"end":{"line":297,"column":51}},"86":{"start":{"line":298,"column":13},"end":{"line":298,"column":8029}},"87":{"start":{"line":306,"column":15},"end":{"line":306,"column":8473}},"88":{"start":{"line":307,"column":12},"end":{"line":307,"column":49}},"89":{"start":{"line":318,"column":8},"end":{"line":318,"column":22}},"90":{"start":{"line":323,"column":8},"end":{"line":323,"column":21}},"91":{"start":{"line":328,"column":8},"end":{"line":328,"column":9190}},"92":{"start":{"line":328,"column":40},"end":{"line":328,"column":48}},"93":{"start":{"line":329,"column":13},"end":{"line":329,"column":9245}},"94":{"start":{"line":332,"column":10},"end":{"line":332,"column":18}},"95":{"start":{"line":333,"column":13},"end":{"line":333,"column":9391}},"96":{"start":{"line":335,"column":12},"end":{"line":335,"column":54}},"97":{"start":{"line":336,"column":13},"end":{"line":336,"column":53}},"98":{"start":{"line":349,"column":8},"end":{"line":349,"column":28}},"99":{"start":{"line":349,"column":22},"end":{"line":349,"column":28}},"100":{"start":{"line":352,"column":8},"end":{"line":352,"column":9865}},"101":{"start":{"line":357,"column":12},"end":{"line":357,"column":27}},"102":{"start":{"line":358,"column":12},"end":{"line":358,"column":28}},"103":{"start":{"line":362,"column":8},"end":{"line":362,"column":49}}},"branchMap":{"1":{"line":30,"type":"if","locations":[{"start":{"line":30,"column":8},"end":{"line":30,"column":8}},{"start":{"line":30,"column":8},"end":{"line":30,"column":8}}]},"2":{"line":75,"type":"if","locations":[{"start":{"line":75,"column":8},"end":{"line":75,"column":8}},{"start":{"line":75,"column":8},"end":{"line":75,"column":8}}]},"3":{"line":103,"type":"if","locations":[{"start":{"line":103,"column":8},"end":{"line":103,"column":8}},{"start":{"line":103,"column":8},"end":{"line":103,"column":8}}]},"4":{"line":121,"type":"if","locations":[{"start":{"line":121,"column":8},"end":{"line":121,"column":8}},{"start":{"line":121,"column":8},"end":{"line":121,"column":8}}]},"5":{"line":129,"type":"if","locations":[{"start":{"line":129,"column":8},"end":{"line":129,"column":8}},{"start":{"line":129,"column":8},"end":{"line":129,"column":8}}]},"6":{"line":188,"type":"if","locations":[{"start":{"line":188,"column":8},"end":{"line":188,"column":8}},{"start":{"line":188,"column":8},"end":{"line":188,"column":8}}]},"7":{"line":201,"type":"if","locations":[{"start":{"line":201,"column":8},"end":{"line":201,"column":8}},{"start":{"line":201,"column":8},"end":{"line":201,"column":8}}]},"8":{"line":213,"type":"if","locations":[{"start":{"line":213,"column":8},"end":{"line":213,"column":8}},{"start":{"line":213,"column":8},"end":{"line":213,"column":8}}]},"9":{"line":219,"type":"if","locations":[{"start":{"line":219,"column":8},"end":{"line":219,"column":8}},{"start":{"line":219,"column":8},"end":{"line":219,"column":8}}]},"10":{"line":241,"type":"if","locations":[{"start":{"line":241,"column":8},"end":{"line":241,"column":8}},{"start":{"line":241,"column":8},"end":{"line":241,"column":8}}]},"11":{"line":253,"type":"if","locations":[{"start":{"line":253,"column":8},"end":{"line":253,"column":8}},{"start":{"line":253,"column":8},"end":{"line":253,"column":8}}]},"12":{"line":274,"type":"if","locations":[{"start":{"line":274,"column":8},"end":{"line":274,"column":8}},{"start":{"line":274,"column":8},"end":{"line":274,"column":8}}]},"13":{"line":295,"type":"if","locations":[{"start":{"line":295,"column":8},"end":{"line":295,"column":8}},{"start":{"line":295,"column":8},"end":{"line":295,"column":8}}]},"14":{"line":296,"type":"if","locations":[{"start":{"line":296,"column":13},"end":{"line":296,"column":13}},{"start":{"line":296,"column":13},"end":{"line":296,"column":13}}]},"15":{"line":298,"type":"if","locations":[{"start":{"line":298,"column":13},"end":{"line":298,"column":13}},{"start":{"line":298,"column":13},"end":{"line":298,"column":13}}]},"16":{"line":306,"type":"if","locations":[{"start":{"line":306,"column":15},"end":{"line":306,"column":15}},{"start":{"line":306,"column":15},"end":{"line":306,"column":15}}]},"17":{"line":328,"type":"if","locations":[{"start":{"line":328,"column":8},"end":{"line":328,"column":8}},{"start":{"line":328,"column":8},"end":{"line":328,"column":8}}]},"18":{"line":329,"type":"if","locations":[{"start":{"line":329,"column":13},"end":{"line":329,"column":13}},{"start":{"line":329,"column":13},"end":{"line":329,"column":13}}]},"19":{"line":333,"type":"if","locations":[{"start":{"line":333,"column":13},"end":{"line":333,"column":13}},{"start":{"line":333,"column":13},"end":{"line":333,"column":13}}]},"20":{"line":349,"type":"if","locations":[{"start":{"line":349,"column":8},"end":{"line":349,"column":8}},{"start":{"line":349,"column":8},"end":{"line":349,"column":8}}]}}},"contracts/mainnet/IPolymorphRoot.sol":{"l":{},"path":"/Users/viktortodorov/Desktop/Polymorphrepos/Polymorph-Contracts/contracts/mainnet/IPolymorphRoot.sol","s":{},"b":{},"f":{},"fnMap":{},"statementMap":{},"branchMap":{}},"contracts/mainnet/PolymorphRoot.sol":{"l":{"48":51,"49":51,"50":51,"51":51,"52":51,"53":51,"55":51,"59":51,"60":255,"61":255,"62":255,"63":255,"68":34,"70":33,"72":33,"73":33,"75":33,"78":33,"83":32,"84":32,"85":14,"88":14,"91":31,"93":31,"94":30,"104":5,"106":5,"107":5,"109":5,"110":5,"111":5,"113":5,"114":5,"116":5,"118":5,"119":5,"123":16,"127":15,"132":14,"135":14,"140":13,"141":13,"142":2,"145":2,"148":12,"149":33,"151":33,"152":33,"153":33,"155":33,"156":33,"171":1,"180":1,"182":1,"186":1,"188":1,"197":1,"199":1,"203":13},"path":"/Users/viktortodorov/Desktop/Polymorphrepos/Polymorph-Contracts/contracts/mainnet/PolymorphRoot.sol","s":{"1":51,"2":51,"3":51,"4":51,"5":51,"6":51,"7":51,"8":51,"9":255,"10":255,"11":255,"12":255,"13":34,"14":33,"15":33,"16":33,"17":33,"18":33,"19":32,"20":32,"21":14,"22":14,"23":31,"24":31,"25":30,"26":5,"27":5,"28":5,"29":5,"30":5,"31":5,"32":5,"33":5,"34":5,"35":5,"36":5,"37":16,"38":15,"39":14,"40":14,"41":13,"42":13,"43":2,"44":2,"45":12,"46":33,"47":33,"48":33,"49":33,"50":33,"51":33,"52":1,"53":1,"54":1,"55":1,"56":1,"57":1,"58":1},"b":{"1":[33,1],"2":[32,1],"3":[14,18],"4":[13,1],"5":[5,0],"6":[15,1],"7":[14,1],"8":[13,1],"9":[2,11],"10":[1,1]},"f":{"1":51,"2":51,"3":34,"4":5,"5":16,"6":1,"7":1,"8":1,"9":1},"fnMap":{"1":{"name":"constructor","line":46,"loc":{"start":{"line":24,"column":4},"end":{"line":56,"column":4}}},"2":{"name":"_preMint","line":58,"loc":{"start":{"line":58,"column":4},"end":{"line":65,"column":4}}},"3":{"name":"mint","line":67,"loc":{"start":{"line":67,"column":4},"end":{"line":101,"column":4}}},"4":{"name":"burnAndMintNewPolymorph","line":103,"loc":{"start":{"line":103,"column":4},"end":{"line":120,"column":4}}},"5":{"name":"bulkBuy","line":122,"loc":{"start":{"line":122,"column":4},"end":{"line":164,"column":4}}},"6":{"name":"mint","line":166,"loc":{"start":{"line":166,"column":4},"end":{"line":172,"column":4}}},"7":{"name":"setPolymorphPrice","line":178,"loc":{"start":{"line":174,"column":4},"end":{"line":183,"column":4}}},"8":{"name":"setMaxSupply","line":185,"loc":{"start":{"line":185,"column":4},"end":{"line":189,"column":4}}},"9":{"name":"setBulkBuyLimit","line":195,"loc":{"start":{"line":191,"column":4},"end":{"line":200,"column":4}}}},"statementMap":{"1":{"start":{"line":48,"column":8},"end":{"line":48,"column":39}},"2":{"start":{"line":49,"column":8},"end":{"line":49,"column":29}},"3":{"start":{"line":50,"column":8},"end":{"line":50,"column":35}},"4":{"start":{"line":51,"column":8},"end":{"line":51,"column":45}},"5":{"start":{"line":52,"column":8},"end":{"line":52,"column":59}},"6":{"start":{"line":53,"column":8},"end":{"line":53,"column":29}},"7":{"start":{"line":55,"column":8},"end":{"line":55,"column":37}},"8":{"start":{"line":59,"column":8},"end":{"line":59,"column":1773}},"9":{"start":{"line":60,"column":12},"end":{"line":60,"column":38}},"10":{"start":{"line":61,"column":12},"end":{"line":61,"column":55}},"11":{"start":{"line":62,"column":12},"end":{"line":62,"column":51}},"12":{"start":{"line":63,"column":12},"end":{"line":63,"column":39}},"13":{"start":{"line":68,"column":8},"end":{"line":68,"column":77}},"14":{"start":{"line":70,"column":8},"end":{"line":70,"column":34}},"15":{"start":{"line":72,"column":8},"end":{"line":72,"column":51}},"16":{"start":{"line":73,"column":8},"end":{"line":73,"column":47}},"17":{"start":{"line":75,"column":8},"end":{"line":75,"column":2320}},"18":{"start":{"line":78,"column":8},"end":{"line":78,"column":2424}},"19":{"start":{"line":83,"column":8},"end":{"line":83,"column":60}},"20":{"start":{"line":84,"column":8},"end":{"line":84,"column":2621}},"21":{"start":{"line":85,"column":12},"end":{"line":85,"column":2666}},"22":{"start":{"line":88,"column":12},"end":{"line":88,"column":66}},"23":{"start":{"line":91,"column":8},"end":{"line":91,"column":35}},"24":{"start":{"line":93,"column":8},"end":{"line":93,"column":50}},"25":{"start":{"line":94,"column":8},"end":{"line":94,"column":2941}},"26":{"start":{"line":104,"column":8},"end":{"line":104,"column":68}},"27":{"start":{"line":106,"column":8},"end":{"line":106,"column":68}},"28":{"start":{"line":107,"column":8},"end":{"line":107,"column":40}},"29":{"start":{"line":109,"column":8},"end":{"line":109,"column":43}},"30":{"start":{"line":110,"column":8},"end":{"line":110,"column":35}},"31":{"start":{"line":111,"column":8},"end":{"line":111,"column":34}},"32":{"start":{"line":113,"column":8},"end":{"line":113,"column":54}},"33":{"start":{"line":114,"column":8},"end":{"line":114,"column":42}},"34":{"start":{"line":116,"column":8},"end":{"line":116,"column":38}},"35":{"start":{"line":118,"column":8},"end":{"line":118,"column":56}},"36":{"start":{"line":119,"column":8},"end":{"line":119,"column":74}},"37":{"start":{"line":123,"column":8},"end":{"line":123,"column":3861}},"38":{"start":{"line":127,"column":8},"end":{"line":127,"column":3982}},"39":{"start":{"line":132,"column":8},"end":{"line":132,"column":4115}},"40":{"start":{"line":135,"column":8},"end":{"line":135,"column":4227}},"41":{"start":{"line":140,"column":8},"end":{"line":140,"column":72}},"42":{"start":{"line":141,"column":8},"end":{"line":141,"column":4436}},"43":{"start":{"line":142,"column":12},"end":{"line":142,"column":4481}},"44":{"start":{"line":145,"column":12},"end":{"line":145,"column":66}},"45":{"start":{"line":148,"column":8},"end":{"line":148,"column":4664}},"46":{"start":{"line":149,"column":12},"end":{"line":149,"column":38}},"47":{"start":{"line":151,"column":12},"end":{"line":151,"column":55}},"48":{"start":{"line":152,"column":12},"end":{"line":152,"column":51}},"49":{"start":{"line":153,"column":12},"end":{"line":153,"column":39}},"50":{"start":{"line":155,"column":12},"end":{"line":155,"column":54}},"51":{"start":{"line":156,"column":12},"end":{"line":156,"column":4972}},"52":{"start":{"line":171,"column":8},"end":{"line":171,"column":40}},"53":{"start":{"line":180,"column":8},"end":{"line":180,"column":41}},"54":{"start":{"line":182,"column":8},"end":{"line":182,"column":53}},"55":{"start":{"line":186,"column":8},"end":{"line":186,"column":29}},"56":{"start":{"line":188,"column":8},"end":{"line":188,"column":40}},"57":{"start":{"line":197,"column":8},"end":{"line":197,"column":35}},"58":{"start":{"line":199,"column":8},"end":{"line":199,"column":47}}},"branchMap":{"1":{"line":68,"type":"if","locations":[{"start":{"line":68,"column":8},"end":{"line":68,"column":8}},{"start":{"line":68,"column":8},"end":{"line":68,"column":8}}]},"2":{"line":78,"type":"if","locations":[{"start":{"line":78,"column":8},"end":{"line":78,"column":8}},{"start":{"line":78,"column":8},"end":{"line":78,"column":8}}]},"3":{"line":84,"type":"if","locations":[{"start":{"line":84,"column":8},"end":{"line":84,"column":8}},{"start":{"line":84,"column":8},"end":{"line":84,"column":8}}]},"4":{"line":88,"type":"if","locations":[{"start":{"line":88,"column":12},"end":{"line":88,"column":12}},{"start":{"line":88,"column":12},"end":{"line":88,"column":12}}]},"5":{"line":104,"type":"if","locations":[{"start":{"line":104,"column":8},"end":{"line":104,"column":8}},{"start":{"line":104,"column":8},"end":{"line":104,"column":8}}]},"6":{"line":123,"type":"if","locations":[{"start":{"line":123,"column":8},"end":{"line":123,"column":8}},{"start":{"line":123,"column":8},"end":{"line":123,"column":8}}]},"7":{"line":127,"type":"if","locations":[{"start":{"line":127,"column":8},"end":{"line":127,"column":8}},{"start":{"line":127,"column":8},"end":{"line":127,"column":8}}]},"8":{"line":135,"type":"if","locations":[{"start":{"line":135,"column":8},"end":{"line":135,"column":8}},{"start":{"line":135,"column":8},"end":{"line":135,"column":8}}]},"9":{"line":141,"type":"if","locations":[{"start":{"line":141,"column":8},"end":{"line":141,"column":8}},{"start":{"line":141,"column":8},"end":{"line":141,"column":8}}]},"10":{"line":145,"type":"if","locations":[{"start":{"line":145,"column":12},"end":{"line":145,"column":12}},{"start":{"line":145,"column":12},"end":{"line":145,"column":12}}]}}},"contracts/mainnet/PolymorphRootTunnel.sol":{"l":{"21":6,"25":5,"29":3,"33":2,"41":2,"43":2,"56":5,"58":4,"73":4},"path":"/Users/viktortodorov/Desktop/Polymorphrepos/Polymorph-Contracts/contracts/mainnet/PolymorphRootTunnel.sol","s":{"1":6,"2":3,"3":2,"4":2,"5":2,"6":5,"7":4,"8":4},"b":{"1":[5,1],"2":[2,1]},"f":{"1":12,"2":6,"3":3,"4":5,"5":4},"fnMap":{"1":{"name":"constructor","line":15,"loc":{"start":{"line":9,"column":4},"end":{"line":16,"column":5}}},"2":{"name":"onlyOwner","line":20,"loc":{"start":{"line":20,"column":4},"end":{"line":26,"column":4}}},"3":{"name":"_processMessageFromChild","line":28,"loc":{"start":{"line":28,"column":4},"end":{"line":49,"column":4}}},"4":{"name":"moveThroughWormhole","line":54,"loc":{"start":{"line":51,"column":4},"end":{"line":67,"column":4}}},"5":{"name":"setPolymorphContract","line":71,"loc":{"start":{"line":69,"column":4},"end":{"line":74,"column":4}}}},"statementMap":{"1":{"start":{"line":21,"column":8},"end":{"line":21,"column":565}},"2":{"start":{"line":29,"column":8},"end":{"line":29,"column":794}},"3":{"start":{"line":33,"column":8},"end":{"line":33,"column":953}},"4":{"start":{"line":41,"column":8},"end":{"line":41,"column":75}},"5":{"start":{"line":43,"column":8},"end":{"line":43,"column":1206}},"6":{"start":{"line":56,"column":8},"end":{"line":56,"column":73}},"7":{"start":{"line":58,"column":8},"end":{"line":58,"column":1552}},"8":{"start":{"line":73,"column":8},"end":{"line":73,"column":57}}},"branchMap":{"1":{"line":21,"type":"if","locations":[{"start":{"line":21,"column":8},"end":{"line":21,"column":8}},{"start":{"line":21,"column":8},"end":{"line":21,"column":8}}]},"2":{"line":29,"type":"if","locations":[{"start":{"line":29,"column":8},"end":{"line":29,"column":8}},{"start":{"line":29,"column":8},"end":{"line":29,"column":8}}]}}},"contracts/mock/ExposedPolymorphChildTunnel.sol":{"l":{"23":1,"31":5},"path":"/Users/viktortodorov/Desktop/Polymorphrepos/Polymorph-Contracts/contracts/mock/ExposedPolymorphChildTunnel.sol","s":{"1":1,"2":5},"b":{},"f":{"1":6,"2":1,"3":5},"fnMap":{"1":{"name":"constructor","line":9,"loc":{"start":{"line":8,"column":4},"end":{"line":10,"column":5}}},"2":{"name":"decodeMessage","line":12,"loc":{"start":{"line":12,"column":4},"end":{"line":24,"column":4}}},"3":{"name":"exposedProcessMessageFromRoot","line":26,"loc":{"start":{"line":26,"column":4},"end":{"line":32,"column":4}}}},"statementMap":{"1":{"start":{"line":23,"column":8},"end":{"line":23,"column":35}},"2":{"start":{"line":31,"column":8},"end":{"line":31,"column":64}}},"branchMap":{}},"contracts/mock/ExposedPolymorphRootTunnel.sol":{"l":{"25":1,"29":3},"path":"/Users/viktortodorov/Desktop/Polymorphrepos/Polymorph-Contracts/contracts/mock/ExposedPolymorphRootTunnel.sol","s":{"1":1,"2":3},"b":{},"f":{"1":6,"2":1,"3":3},"fnMap":{"1":{"name":"constructor","line":12,"loc":{"start":{"line":8,"column":4},"end":{"line":12,"column":69}}},"2":{"name":"decodeMessage","line":14,"loc":{"start":{"line":14,"column":4},"end":{"line":26,"column":4}}},"3":{"name":"processMessageFromChild","line":28,"loc":{"start":{"line":28,"column":4},"end":{"line":30,"column":4}}}},"statementMap":{"1":{"start":{"line":25,"column":8},"end":{"line":25,"column":35}},"2":{"start":{"line":29,"column":8},"end":{"line":29,"column":37}}},"branchMap":{}},"contracts/mock/Flip.sol":{"l":{"17":1,"22":0,"28":0,"29":0,"38":0},"path":"/Users/viktortodorov/Desktop/Polymorphrepos/Polymorph-Contracts/contracts/mock/Flip.sol","s":{"1":1,"2":0,"3":0,"4":0,"5":0},"b":{"1":[0,0]},"f":{"1":1,"2":0},"fnMap":{"1":{"name":"constructor","line":10,"loc":{"start":{"line":10,"column":4},"end":{"line":30,"column":4}}},"2":{"name":"onERC721Received","line":32,"loc":{"start":{"line":32,"column":4},"end":{"line":39,"column":4}}}},"statementMap":{"1":{"start":{"line":17,"column":8},"end":{"line":17,"column":424}},"2":{"start":{"line":22,"column":8},"end":{"line":22,"column":541}},"3":{"start":{"line":28,"column":8},"end":{"line":28,"column":67}},"4":{"start":{"line":29,"column":8},"end":{"line":29,"column":29}},"5":{"start":{"line":38,"column":8},"end":{"line":38,"column":45}}},"branchMap":{"1":{"line":22,"type":"if","locations":[{"start":{"line":22,"column":8},"end":{"line":22,"column":8}},{"start":{"line":22,"column":8},"end":{"line":22,"column":8}}]}}},"contracts/mock/FlipFactory.sol":{"l":{"22":0,"26":0,"27":0,"28":0,"29":0,"30":0,"31":0,"38":0,"39":0,"43":0,"44":0,"45":0,"46":0,"47":0,"50":0,"52":0,"53":0},"path":"/Users/viktortodorov/Desktop/Polymorphrepos/Polymorph-Contracts/contracts/mock/FlipFactory.sol","s":{"1":0,"2":0,"3":0,"4":0,"5":0,"6":0,"7":0,"8":0,"9":0,"10":0,"11":0,"12":0,"13":0,"14":0,"15":0},"b":{"1":[0,0],"2":[0,0]},"f":{"1":3,"2":0,"3":0,"4":0},"fnMap":{"1":{"name":"constructor","line":15,"loc":{"start":{"line":15,"column":4},"end":{"line":15,"column":19}}},"2":{"name":"flip","line":17,"loc":{"start":{"line":17,"column":4},"end":{"line":35,"column":4}}},"3":{"name":"performFlip","line":37,"loc":{"start":{"line":37,"column":4},"end":{"line":40,"column":4}}},"4":{"name":"search","line":42,"loc":{"start":{"line":42,"column":4},"end":{"line":54,"column":4}}}},"statementMap":{"1":{"start":{"line":22,"column":8},"end":{"line":22,"column":579}},"2":{"start":{"line":26,"column":8},"end":{"line":26,"column":58}},"3":{"start":{"line":27,"column":8},"end":{"line":27,"column":71}},"4":{"start":{"line":28,"column":8},"end":{"line":28,"column":27}},"5":{"start":{"line":29,"column":8},"end":{"line":29,"column":20}},"6":{"start":{"line":31,"column":8},"end":{"line":31,"column":917}},"7":{"start":{"line":38,"column":8},"end":{"line":38,"column":41}},"8":{"start":{"line":39,"column":8},"end":{"line":39,"column":66}},"9":{"start":{"line":43,"column":8},"end":{"line":43,"column":28}},"10":{"start":{"line":44,"column":8},"end":{"line":44,"column":27}},"11":{"start":{"line":45,"column":8},"end":{"line":45,"column":25}},"12":{"start":{"line":46,"column":8},"end":{"line":46,"column":1331}},"13":{"start":{"line":47,"column":12},"end":{"line":47,"column":1385}},"14":{"start":{"line":52,"column":8},"end":{"line":52,"column":45}},"15":{"start":{"line":53,"column":8},"end":{"line":53,"column":46}}},"branchMap":{"1":{"line":31,"type":"if","locations":[{"start":{"line":31,"column":8},"end":{"line":31,"column":8}},{"start":{"line":31,"column":8},"end":{"line":31,"column":8}}]},"2":{"line":53,"type":"if","locations":[{"start":{"line":53,"column":8},"end":{"line":53,"column":8}},{"start":{"line":53,"column":8},"end":{"line":53,"column":8}}]}}},"contracts/mock/TestContractInteractor.sol":{"l":{"10":21,"17":1,"24":1,"28":1,"32":1},"path":"/Users/viktortodorov/Desktop/Polymorphrepos/Polymorph-Contracts/contracts/mock/TestContractInteractor.sol","s":{"1":21,"2":1,"3":1,"4":1,"5":1},"b":{},"f":{"1":21,"2":1,"3":1,"4":1,"5":1},"fnMap":{"1":{"name":"constructor","line":9,"loc":{"start":{"line":9,"column":4},"end":{"line":11,"column":4}}},"2":{"name":"triggerGeneChange","line":13,"loc":{"start":{"line":13,"column":4},"end":{"line":21,"column":4}}},"3":{"name":"triggerRandomize","line":23,"loc":{"start":{"line":23,"column":4},"end":{"line":25,"column":4}}},"4":{"name":"triggerMint","line":27,"loc":{"start":{"line":27,"column":4},"end":{"line":29,"column":4}}},"5":{"name":"triggerBulkBuy","line":31,"loc":{"start":{"line":31,"column":4},"end":{"line":33,"column":4}}}},"statementMap":{"1":{"start":{"line":10,"column":8},"end":{"line":10,"column":63}},"2":{"start":{"line":17,"column":8},"end":{"line":17,"column":437}},"3":{"start":{"line":24,"column":8},"end":{"line":24,"column":71}},"4":{"start":{"line":28,"column":8},"end":{"line":28,"column":53}},"5":{"start":{"line":32,"column":8},"end":{"line":32,"column":62}}},"branchMap":{}},"contracts/modifiers/DAOControlled.sol":{"l":{"8":81,"12":26,"13":17},"path":"/Users/viktortodorov/Desktop/Polymorphrepos/Polymorph-Contracts/contracts/modifiers/DAOControlled.sol","s":{"1":81,"2":26},"b":{"1":[17,9]},"f":{"1":81,"2":26},"fnMap":{"1":{"name":"constructor","line":7,"loc":{"start":{"line":7,"column":4},"end":{"line":9,"column":4}}},"2":{"name":"onlyDAO","line":11,"loc":{"start":{"line":11,"column":4},"end":{"line":14,"column":4}}}},"statementMap":{"1":{"start":{"line":8,"column":8},"end":{"line":8,"column":31}},"2":{"start":{"line":12,"column":8},"end":{"line":12,"column":67}}},"branchMap":{"1":{"line":12,"type":"if","locations":[{"start":{"line":12,"column":8},"end":{"line":12,"column":8}},{"start":{"line":12,"column":8},"end":{"line":12,"column":8}}]}}},"contracts/modifiers/TunnelEnabled.sol":{"l":{"8":15,"12":12},"path":"/Users/viktortodorov/Desktop/Polymorphrepos/Polymorph-Contracts/contracts/modifiers/TunnelEnabled.sol","s":{"1":15},"b":{"1":[12,3]},"f":{"1":15},"fnMap":{"1":{"name":"onlyTunnel","line":7,"loc":{"start":{"line":7,"column":4},"end":{"line":13,"column":4}}}},"statementMap":{"1":{"start":{"line":8,"column":8},"end":{"line":8,"column":206}}},"branchMap":{"1":{"line":8,"type":"if","locations":[{"start":{"line":8,"column":8},"end":{"line":8,"column":8}},{"start":{"line":8,"column":8},"end":{"line":8,"column":8}}]}}},"contracts/polygon/IPolymorphChild.sol":{"l":{},"path":"/Users/viktortodorov/Desktop/Polymorphrepos/Polymorph-Contracts/contracts/polygon/IPolymorphChild.sol","s":{},"b":{},"f":{},"fnMap":{},"statementMap":{},"branchMap":{}},"contracts/polygon/PolymorphChild.sol":{"l":{"29":6,"30":6,"31":6,"39":1,"47":5,"48":5},"path":"/Users/viktortodorov/Desktop/Polymorphrepos/Polymorph-Contracts/contracts/polygon/PolymorphChild.sol","s":{"1":6,"2":6,"3":6,"4":1,"5":5,"6":5},"b":{},"f":{"1":6,"2":1,"3":5},"fnMap":{"1":{"name":"constructor","line":27,"loc":{"start":{"line":10,"column":4},"end":{"line":32,"column":4}}},"2":{"name":"mint","line":34,"loc":{"start":{"line":34,"column":4},"end":{"line":40,"column":4}}},"3":{"name":"mintPolymorphWithInfo","line":46,"loc":{"start":{"line":42,"column":4},"end":{"line":49,"column":4}}}},"statementMap":{"1":{"start":{"line":29,"column":8},"end":{"line":29,"column":31}},"2":{"start":{"line":30,"column":8},"end":{"line":30,"column":45}},"3":{"start":{"line":31,"column":8},"end":{"line":31,"column":29}},"4":{"start":{"line":39,"column":8},"end":{"line":39,"column":51}},"5":{"start":{"line":47,"column":8},"end":{"line":47,"column":35}},"6":{"start":{"line":48,"column":8},"end":{"line":48,"column":39}}},"branchMap":{}},"contracts/polygon/PolymorphChildTunnel.sol":{"l":{"20":4,"24":3,"32":5,"33":5,"34":5,"36":5,"44":5,"45":5,"58":3,"59":3,"60":3,"61":3,"65":2,"74":4},"path":"/Users/viktortodorov/Desktop/Polymorphrepos/Polymorph-Contracts/contracts/polygon/PolymorphChildTunnel.sol","s":{"1":4,"2":5,"3":5,"4":5,"5":5,"6":5,"7":5,"8":3,"9":3,"10":3,"11":3,"12":2,"13":4},"b":{"1":[3,1]},"f":{"1":12,"2":4,"3":5,"4":3,"5":4},"fnMap":{"1":{"name":"constructor","line":11,"loc":{"start":{"line":9,"column":4},"end":{"line":12,"column":5}}},"2":{"name":"onlyOwner","line":19,"loc":{"start":{"line":19,"column":4},"end":{"line":25,"column":4}}},"3":{"name":"_processMessageFromRoot","line":27,"loc":{"start":{"line":27,"column":4},"end":{"line":51,"column":4}}},"4":{"name":"moveThroughWormhole","line":56,"loc":{"start":{"line":53,"column":4},"end":{"line":68,"column":4}}},"5":{"name":"setPolymorphContract","line":72,"loc":{"start":{"line":70,"column":4},"end":{"line":75,"column":4}}}},"statementMap":{"1":{"start":{"line":20,"column":8},"end":{"line":20,"column":611}},"2":{"start":{"line":32,"column":8},"end":{"line":32,"column":30}},"3":{"start":{"line":33,"column":8},"end":{"line":33,"column":39}},"4":{"start":{"line":34,"column":8},"end":{"line":34,"column":24}},"5":{"start":{"line":36,"column":8},"end":{"line":36,"column":1029}},"6":{"start":{"line":44,"column":8},"end":{"line":44,"column":75}},"7":{"start":{"line":45,"column":8},"end":{"line":45,"column":1352}},"8":{"start":{"line":58,"column":8},"end":{"line":58,"column":56}},"9":{"start":{"line":59,"column":8},"end":{"line":59,"column":65}},"10":{"start":{"line":60,"column":8},"end":{"line":60,"column":72}},"11":{"start":{"line":61,"column":8},"end":{"line":61,"column":38}},"12":{"start":{"line":65,"column":8},"end":{"line":65,"column":2004}},"13":{"start":{"line":74,"column":8},"end":{"line":74,"column":58}}},"branchMap":{"1":{"line":20,"type":"if","locations":[{"start":{"line":20,"column":8},"end":{"line":20,"column":8}},{"start":{"line":20,"column":8},"end":{"line":20,"column":8}}]}}},"contracts/tunnel/FxBaseChildTunnel.sol":{"l":{"27":12,"32":0,"36":0,"41":0,"45":0,"53":0,"54":0,"67":2},"path":"/Users/viktortodorov/Desktop/Polymorphrepos/Polymorph-Contracts/contracts/tunnel/FxBaseChildTunnel.sol","s":{"1":12,"2":0,"3":0,"4":0,"5":0,"6":0,"7":2},"b":{"1":[0,0],"2":[0,0],"3":[0,0]},"f":{"1":12,"2":0,"3":0,"4":0,"5":2},"fnMap":{"1":{"name":"constructor","line":26,"loc":{"start":{"line":26,"column":4},"end":{"line":28,"column":4}}},"2":{"name":"validateSender","line":31,"loc":{"start":{"line":31,"column":4},"end":{"line":37,"column":4}}},"3":{"name":"setFxRootTunnel","line":40,"loc":{"start":{"line":40,"column":4},"end":{"line":46,"column":4}}},"4":{"name":"processMessageFromRoot","line":48,"loc":{"start":{"line":48,"column":4},"end":{"line":55,"column":4}}},"5":{"name":"_sendMessageToRoot","line":66,"loc":{"start":{"line":66,"column":4},"end":{"line":68,"column":4}}}},"statementMap":{"1":{"start":{"line":27,"column":8},"end":{"line":27,"column":25}},"2":{"start":{"line":32,"column":8},"end":{"line":32,"column":829}},"3":{"start":{"line":41,"column":8},"end":{"line":41,"column":1075}},"4":{"start":{"line":45,"column":8},"end":{"line":45,"column":35}},"5":{"start":{"line":53,"column":8},"end":{"line":53,"column":74}},"6":{"start":{"line":54,"column":8},"end":{"line":54,"column":64}},"7":{"start":{"line":67,"column":8},"end":{"line":67,"column":33}}},"branchMap":{"1":{"line":32,"type":"if","locations":[{"start":{"line":32,"column":8},"end":{"line":32,"column":8}},{"start":{"line":32,"column":8},"end":{"line":32,"column":8}}]},"2":{"line":41,"type":"if","locations":[{"start":{"line":41,"column":8},"end":{"line":41,"column":8}},{"start":{"line":41,"column":8},"end":{"line":41,"column":8}}]},"3":{"line":53,"type":"if","locations":[{"start":{"line":53,"column":8},"end":{"line":53,"column":8}},{"start":{"line":53,"column":8},"end":{"line":53,"column":8}}]}}},"contracts/tunnel/FxBaseRootTunnel.sol":{"l":{"49":12,"50":12,"55":0,"59":0,"71":4,"78":0,"84":0,"96":0,"100":0,"102":0,"106":0,"110":0,"113":0,"119":0,"130":0,"139":0,"141":0,"147":0,"148":0,"149":0,"160":0,"168":0,"174":0,"194":0,"195":0},"path":"/Users/viktortodorov/Desktop/Polymorphrepos/Polymorph-Contracts/contracts/tunnel/FxBaseRootTunnel.sol","s":{"1":12,"2":12,"3":0,"4":0,"5":4,"6":0,"7":0,"8":0,"9":0,"10":0,"11":0,"12":0,"13":0,"14":0,"15":0,"16":0,"17":0,"18":0,"19":0,"20":0,"21":0,"22":0,"23":0,"24":0,"25":0},"b":{"1":[0,0],"2":[0,0],"3":[0,0],"4":[0,0],"5":[0,0],"6":[0,0]},"f":{"1":12,"2":0,"3":4,"4":0,"5":0,"6":0},"fnMap":{"1":{"name":"constructor","line":48,"loc":{"start":{"line":48,"column":4},"end":{"line":51,"column":4}}},"2":{"name":"setFxChildTunnel","line":54,"loc":{"start":{"line":54,"column":4},"end":{"line":60,"column":4}}},"3":{"name":"_sendMessageToChild","line":70,"loc":{"start":{"line":70,"column":4},"end":{"line":72,"column":4}}},"4":{"name":"_validateAndExtractMessage","line":74,"loc":{"start":{"line":74,"column":4},"end":{"line":150,"column":4}}},"5":{"name":"_checkBlockMembershipInCheckpoint","line":152,"loc":{"start":{"line":152,"column":4},"end":{"line":175,"column":4}}},"6":{"name":"receiveMessage","line":193,"loc":{"start":{"line":193,"column":4},"end":{"line":196,"column":4}}}},"statementMap":{"1":{"start":{"line":49,"column":8},"end":{"line":49,"column":65}},"2":{"start":{"line":50,"column":8},"end":{"line":50,"column":39}},"3":{"start":{"line":55,"column":8},"end":{"line":55,"column":1668}},"4":{"start":{"line":59,"column":8},"end":{"line":59,"column":37}},"5":{"start":{"line":71,"column":8},"end":{"line":71,"column":56}},"6":{"start":{"line":78,"column":8},"end":{"line":78,"column":2395}},"7":{"start":{"line":84,"column":8},"end":{"line":84,"column":2645}},"8":{"start":{"line":96,"column":8},"end":{"line":96,"column":3261}},"9":{"start":{"line":100,"column":8},"end":{"line":100,"column":38}},"10":{"start":{"line":102,"column":8},"end":{"line":102,"column":3442}},"11":{"start":{"line":106,"column":8},"end":{"line":106,"column":3573}},"12":{"start":{"line":110,"column":8},"end":{"line":110,"column":63}},"13":{"start":{"line":113,"column":8},"end":{"line":113,"column":3810}},"14":{"start":{"line":119,"column":8},"end":{"line":119,"column":3992}},"15":{"start":{"line":130,"column":8},"end":{"line":130,"column":4416}},"16":{"start":{"line":139,"column":8},"end":{"line":139,"column":75}},"17":{"start":{"line":141,"column":8},"end":{"line":141,"column":4912}},"18":{"start":{"line":147,"column":8},"end":{"line":147,"column":59}},"19":{"start":{"line":148,"column":8},"end":{"line":148,"column":64}},"20":{"start":{"line":149,"column":8},"end":{"line":149,"column":22}},"21":{"start":{"line":160,"column":8},"end":{"line":160,"column":5647}},"22":{"start":{"line":168,"column":8},"end":{"line":168,"column":5778}},"23":{"start":{"line":174,"column":8},"end":{"line":174,"column":24}},"24":{"start":{"line":194,"column":8},"end":{"line":194,"column":68}},"25":{"start":{"line":195,"column":8},"end":{"line":195,"column":40}}},"branchMap":{"1":{"line":55,"type":"if","locations":[{"start":{"line":55,"column":8},"end":{"line":55,"column":8}},{"start":{"line":55,"column":8},"end":{"line":55,"column":8}}]},"2":{"line":96,"type":"if","locations":[{"start":{"line":96,"column":8},"end":{"line":96,"column":8}},{"start":{"line":96,"column":8},"end":{"line":96,"column":8}}]},"3":{"line":113,"type":"if","locations":[{"start":{"line":113,"column":8},"end":{"line":113,"column":8}},{"start":{"line":113,"column":8},"end":{"line":113,"column":8}}]},"4":{"line":119,"type":"if","locations":[{"start":{"line":119,"column":8},"end":{"line":119,"column":8}},{"start":{"line":119,"column":8},"end":{"line":119,"column":8}}]},"5":{"line":141,"type":"if","locations":[{"start":{"line":141,"column":8},"end":{"line":141,"column":8}},{"start":{"line":141,"column":8},"end":{"line":141,"column":8}}]},"6":{"line":168,"type":"if","locations":[{"start":{"line":168,"column":8},"end":{"line":168,"column":8}},{"start":{"line":168,"column":8},"end":{"line":168,"column":8}}]}}}}